Determining if the pthread_create exist failed with the following output:
Change Dir: /home/henning/Documents/Masters_Thesis/AMPE/source/UDP/build/CMakeFiles/CMakeTmp

Run Build Command:"/usr/bin/make" "cmTC_07119/fast"
/usr/bin/make -f CMakeFiles/cmTC_07119.dir/build.make CMakeFiles/cmTC_07119.dir/build
make[1]: Entering directory '/home/henning/Documents/Masters_Thesis/AMPE/source/UDP/build/CMakeFiles/CMakeTmp'
Building C object CMakeFiles/cmTC_07119.dir/CheckSymbolExists.c.o
/usr/bin/cc     -o CMakeFiles/cmTC_07119.dir/CheckSymbolExists.c.o   -c /home/henning/Documents/Masters_Thesis/AMPE/source/UDP/build/CMakeFiles/CMakeTmp/CheckSymbolExists.c
Linking C executable cmTC_07119
/usr/bin/cmake -E cmake_link_script CMakeFiles/cmTC_07119.dir/link.txt --verbose=1
/usr/bin/cc       CMakeFiles/cmTC_07119.dir/CheckSymbolExists.c.o  -o cmTC_07119 -rdynamic 
CMakeFiles/cmTC_07119.dir/CheckSymbolExists.c.o: In function `main':
CheckSymbolExists.c:(.text+0x16): undefined reference to `pthread_create'
collect2: error: ld returned 1 exit status
CMakeFiles/cmTC_07119.dir/build.make:97: recipe for target 'cmTC_07119' failed
make[1]: *** [cmTC_07119] Error 1
make[1]: Leaving directory '/home/henning/Documents/Masters_Thesis/AMPE/source/UDP/build/CMakeFiles/CMakeTmp'
Makefile:126: recipe for target 'cmTC_07119/fast' failed
make: *** [cmTC_07119/fast] Error 2

File /home/henning/Documents/Masters_Thesis/AMPE/source/UDP/build/CMakeFiles/CMakeTmp/CheckSymbolExists.c:
/* */
#include <pthread.h>

int main(int argc, char** argv)
{
  (void)argv;
#ifndef pthread_create
  return ((int*)(&pthread_create))[argc];
#else
  (void)argc;
  return 0;
#endif
}

Determining if the function pthread_create exists in the pthreads failed with the following output:
Change Dir: /home/henning/Documents/Masters_Thesis/AMPE/source/UDP/build/CMakeFiles/CMakeTmp

Run Build Command:"/usr/bin/make" "cmTC_a56dc/fast"
/usr/bin/make -f CMakeFiles/cmTC_a56dc.dir/build.make CMakeFiles/cmTC_a56dc.dir/build
make[1]: Entering directory '/home/henning/Documents/Masters_Thesis/AMPE/source/UDP/build/CMakeFiles/CMakeTmp'
Building C object CMakeFiles/cmTC_a56dc.dir/CheckFunctionExists.c.o
/usr/bin/cc    -DCHECK_FUNCTION_EXISTS=pthread_create   -o CMakeFiles/cmTC_a56dc.dir/CheckFunctionExists.c.o   -c /usr/share/cmake-3.5/Modules/CheckFunctionExists.c
Linking C executable cmTC_a56dc
/usr/bin/cmake -E cmake_link_script CMakeFiles/cmTC_a56dc.dir/link.txt --verbose=1
/usr/bin/cc   -DCHECK_FUNCTION_EXISTS=pthread_create    CMakeFiles/cmTC_a56dc.dir/CheckFunctionExists.c.o  -o cmTC_a56dc -rdynamic -lpthreads 
/usr/bin/ld: cannot find -lpthreads
collect2: error: ld returned 1 exit status
CMakeFiles/cmTC_a56dc.dir/build.make:97: recipe for target 'cmTC_a56dc' failed
make[1]: *** [cmTC_a56dc] Error 1
make[1]: Leaving directory '/home/henning/Documents/Masters_Thesis/AMPE/source/UDP/build/CMakeFiles/CMakeTmp'
Makefile:126: recipe for target 'cmTC_a56dc/fast' failed
make: *** [cmTC_a56dc/fast] Error 2


